<?xml version="1.0" encoding="UTF-8"?>
<testng-results ignored="0" total="2" passed="2" failed="0" skipped="0">
  <reporter-output>
  </reporter-output>
  <suite started-at="2026-03-04T23:25:14 IST" name="MALT Suite" finished-at="2026-03-04T23:25:14 IST" duration-ms="22">
    <groups>
    </groups>
    <test started-at="2026-03-04T23:25:14 IST" name="UploadReportTests" finished-at="2026-03-04T23:25:14 IST" duration-ms="22">
      <class name="tests.TestUploadFile">
        <test-method signature="uploadFileTest()[pri:0, instance:tests.TestUploadFile@55ca8de8]" started-at="2026-03-04T23:25:14 IST" name="uploadFileTest" finished-at="2026-03-04T23:25:14 IST" duration-ms="4" status="PASS">
          <reporter-output>
          </reporter-output>
        </test-method> <!-- uploadFileTest -->
      </class> <!-- tests.TestUploadFile -->
      <class name="tests.TestCreateReport">
        <test-method signature="createReportTest()[pri:0, instance:tests.TestCreateReport@548a102f]" started-at="2026-03-04T23:25:14 IST" name="createReportTest" finished-at="2026-03-04T23:25:14 IST" duration-ms="0" status="PASS">
          <reporter-output>
          </reporter-output>
        </test-method> <!-- createReportTest -->
      </class> <!-- tests.TestCreateReport -->
    </test> <!-- UploadReportTests -->
  </suite> <!-- MALT Suite -->
</testng-results>
