<?xml version="1.0" encoding="UTF-8"?>
<testng-results ignored="0" total="1" passed="1" failed="0" skipped="0">
  <reporter-output>
  </reporter-output>
  <suite started-at="2026-03-04T17:53:03 IST" name="Surefire suite" finished-at="2026-03-04T17:53:03 IST" duration-ms="62">
    <groups>
    </groups>
    <test started-at="2026-03-04T17:53:03 IST" name="Surefire test" finished-at="2026-03-04T17:53:03 IST" duration-ms="62">
      <class name="tests.Test1">
        <test-method signature="testCase1()[pri:0, instance:tests.Test1@6295d394]" started-at="2026-03-04T17:53:03 IST" name="testCase1" finished-at="2026-03-04T17:53:03 IST" duration-ms="9" status="PASS">
          <reporter-output>
          </reporter-output>
        </test-method> <!-- testCase1 -->
      </class> <!-- tests.Test1 -->
    </test> <!-- Surefire test -->
  </suite> <!-- Surefire suite -->
</testng-results>
